Log file open, 05/13/21 14:53:53
LogPlatformFile: Not using cached read wrapper
LogTaskGraph: Started task graph with 4 named threads and 7 total threads with 1 sets of task threads.
LogICUInternationalization: ICU TimeZone Detection - Raw Offset: +1:00, Platform Override: ''
LogInit: Build: ++UE4+Release-4.26-CL-0
LogInit: Engine Version: 4.26.2-0+++UE4+Release-4.26
LogInit: Compatible Engine Version: 4.26.0-0+++UE4+Release-4.26
LogInit: Net CL: 0
LogInit: OS: GenericOSVersionLabel (GenericOSSubVersionLabel), CPU: Intel(R) Core(TM) i7-7700HQ CPU @ 2.80GHz, GPU: GenericGPUBrand
LogInit: Compiled (64-bit): Apr 28 2021 11:18:46
LogInit: Compiled with Clang: 10.0.1 
LogInit: Build Configuration: Shipping
LogInit: Branch Name: ++UE4+Release-4.26
LogInit: Command Line:  -Abslog="/home/riccio/repositories/guinea-pig/game/guineaPig/Saved/Logs/guineaPig-CRC.log" -Unattended "/home/riccio/repositories/guinea-pig/game/guineaPig/Saved/Crashes/ensureinfo-guineaPig-pid-6364-F368567F04A943E1909BE9D46CA3E2EA/"
LogInit: Base Directory: /home/riccio/UnrealEngine/Engine/Binaries/Linux/
LogInit: Allocator: binned2
LogInit: Installed Engine Build: 1
LogInit: Presizing for max 100000 objects, including 0 objects not considered by GC, pre-allocating 0 bytes for permanent pool.
LogConfig: Applying CVar settings from Section [/Script/Engine.StreamingSettings] File [/home/riccio/.config/Epic/CrashReportClient/Saved/Config/Linux/Engine.ini]
LogConfig: Setting CVar [[s.MinBulkDataSizeForAsyncLoading:131072]]
LogConfig: Setting CVar [[s.AsyncLoadingThreadEnabled:0]]
LogConfig: Setting CVar [[s.EventDrivenLoaderEnabled:1]]
LogConfig: Setting CVar [[s.WarnIfTimeLimitExceeded:0]]
LogConfig: Setting CVar [[s.TimeLimitExceededMultiplier:1.5]]
LogConfig: Setting CVar [[s.TimeLimitExceededMinTime:0.005]]
LogConfig: Setting CVar [[s.FlushStreamingOnExit:1]]
LogInit: Object subsystem initialized
LogConfig: Applying CVar settings from Section [ConsoleVariables] File [/home/riccio/.config/Epic/CrashReportClient/Saved/Config/Linux/Engine.ini]
[2021.05.13-12.53.53:475][  0]LogInit: Unix hardware info:
[2021.05.13-12.53.53:475][  0]LogInit:  - we are the first instance of this executable
[2021.05.13-12.53.53:475][  0]LogInit:  - this process' id (pid) is 6426, parent process' id (ppid) is 6364
[2021.05.13-12.53.53:475][  0]LogInit:  - we are not running under debugger
[2021.05.13-12.53.53:475][  0]LogInit:  - machine network name is 'piculin-weeb'
[2021.05.13-12.53.53:475][  0]LogInit:  - user name is 'riccio' (riccio)
[2021.05.13-12.53.53:475][  0]LogInit:  - we're logged in locally
[2021.05.13-12.53.53:475][  0]LogInit:  - we're running with rendering
[2021.05.13-12.53.53:475][  0]LogInit:  - CPU: GenuineIntel 'Intel(R) Core(TM) i7-7700HQ CPU @ 2.80GHz' (signature: 0x906E9)
[2021.05.13-12.53.53:475][  0]LogInit:  - Number of physical cores available for the process: 4
[2021.05.13-12.53.53:475][  0]LogInit:  - Number of logical cores available for the process: 8
[2021.05.13-12.53.53:475][  0]LogInit:  - Cache line size: 64
[2021.05.13-12.53.53:475][  0]LogInit:  - Memory allocator used: binned2
[2021.05.13-12.53.53:475][  0]LogInit:  - This binary is optimized with LTO: no, PGO: no, instrumented for PGO data collection: no
[2021.05.13-12.53.53:475][  0]LogInit:  - This is an internal build.
[2021.05.13-12.53.53:475][  0]LogCore: Skipped benchmarking clocks because the engine is running in a standalone program mode - CLOCK_MONOTONIC will be used.
[2021.05.13-12.53.53:475][  0]LogInit: Unix-specific commandline switches:
[2021.05.13-12.53.53:475][  0]LogInit:  -ansimalloc - use malloc()/free() from libc (useful for tools like valgrind and electric fence)
[2021.05.13-12.53.53:475][  0]LogInit:  -jemalloc - use jemalloc for all memory allocation
[2021.05.13-12.53.53:475][  0]LogInit:  -binnedmalloc - use binned malloc  for all memory allocation
[2021.05.13-12.53.53:475][  0]LogInit:  -filemapcachesize=NUMBER - set the size for case-sensitive file mapping cache
[2021.05.13-12.53.53:475][  0]LogInit:  -useksm - uses kernel same-page mapping (KSM) for mapped memory (OFF)
[2021.05.13-12.53.53:475][  0]LogInit:  -ksmmergeall - marks all mmap'd memory pages suitable for KSM (OFF)
[2021.05.13-12.53.53:475][  0]LogInit:  -preloadmodulesymbols - Loads the main module symbols file into memory (OFF)
[2021.05.13-12.53.53:475][  0]LogInit:  -sigdfl=SIGNAL - Allows a specific signal to be set to its default handler rather then ignoring the signal
[2021.05.13-12.53.53:475][  0]LogInit:  -httpproxy=ADDRESS:PORT - redirects HTTP requests to a proxy (only supported if compiled with libcurl)
[2021.05.13-12.53.53:475][  0]LogInit:  -reuseconn - allow libcurl to reuse HTTP connections (only matters if compiled with libcurl)
[2021.05.13-12.53.53:475][  0]LogInit:  -virtmemkb=NUMBER - sets process virtual memory (address space) limit (overrides VirtualMemoryLimitInKB value from .ini)
[2021.05.13-12.53.53:475][  0]LogInit:  - Physical RAM available (not considering process quota): 16 GB (15763 MB, 16142328 KB, 16529743872 bytes)
[2021.05.13-12.53.53:475][  0]LogInit:  - VirtualMemoryAllocator pools will grow at scale 1.4
[2021.05.13-12.53.53:475][  0]LogInit:  - MemoryRangeDecommit() will be a no-op (re-run with -vmapoolevict to change)
[2021.05.13-12.53.53:484][  0]LogUObjectArray: 362 objects as part of root set at end of initial load.
[2021.05.13-12.53.53:484][  0]LogUObjectAllocator: 62544 out of 0 bytes used by permanent object pool.
[2021.05.13-12.53.53:484][  0]LogUObjectArray: CloseDisregardForGC: 0/0 objects in disregard for GC pool
[2021.05.13-12.53.53:484][  0]LogInit: Using OS detected language (en-US).
[2021.05.13-12.53.53:484][  0]LogInit: Using OS detected locale (en-US).
[2021.05.13-12.53.53:484][  0]LogTextLocalizationManager: No specific localization for 'en-US' exists, so the 'en' localization will be used.
[2021.05.13-12.53.53:494][  0]LogInit: Using OS detected language (en-US).
[2021.05.13-12.53.53:494][  0]LogInit: Using OS detected locale (en-US).
[2021.05.13-12.53.53:494][  0]LogTextLocalizationManager: No localization for 'en-US' exists, so 'en' will be used for the language.
[2021.05.13-12.53.53:494][  0]LogTextLocalizationManager: No localization for 'en-US' exists, so 'en' will be used for the locale.
[2021.05.13-12.53.53:494][  0]LogTextLocalizationManager: Compacting localization data took   0.63ms
[2021.05.13-12.53.53:494][  0]LogPackageLocalizationCache: Processed 2 localized package path(s) for 1 prioritized culture(s) in 0.000015 seconds
[2021.05.13-12.53.53:494][  0]CrashReportCoreLog: CrashReportClientVersion=1.0
[2021.05.13-12.53.53:494][  0]CrashReportCoreLog: CrashReportReceiver disabled
[2021.05.13-12.53.53:494][  0]CrashReportCoreLog: DataRouterUrl: https://datarouter.ol.epicgames.com/datarouter/api/v1/public/data
[2021.05.13-12.53.53:495][  0]CrashReportCoreLog: Initial state = Unknown UploadState value
[2021.05.13-12.53.53:495][  0]CrashReportCoreLog: Initial state = Unknown UploadState value
[2021.05.13-12.53.53:495][  0]LogCrashDebugHelper: DepotName: //UE4/Release-4.26
[2021.05.13-12.53.53:495][  0]LogCrashDebugHelper: BuiltFromCL: 0
[2021.05.13-12.53.53:495][  0]LogCrashDebugHelper: EngineVersion: 4.26.2-0+++UE4+Release-4.26
[2021.05.13-12.53.53:495][  0]LogCrashDebugHelper: BuildVersion: ++UE4+Release-4.26-CL-0
[2021.05.13-12.53.54:466][  0]CrashReportCoreLog: Got 4 pending files to upload from 'ensureinfo-guineaPig-pid-6364-F368567F04A943E1909BE9D46CA3E2EA'
[2021.05.13-12.53.54:466][  0]CrashReportCoreLog: State change from Ready to SendingFiles
[2021.05.13-12.53.54:466][  0]CrashReportCoreLog: CompressAndSendData have 4 pending files
[2021.05.13-12.53.54:466][  0]CrashReportCoreLog: CompressAndSendData compressing 3154 bytes ('/home/riccio/repositories/guinea-pig/game/guineaPig/Saved/Crashes/ensureinfo-guineaPig-pid-6364-F368567F04A943E1909BE9D46CA3E2EA/Diagnostics.txt')
[2021.05.13-12.53.54:466][  0]CrashReportCoreLog: CompressAndSendData compressing 8869 bytes ('/home/riccio/repositories/guinea-pig/game/guineaPig/Saved/Crashes/ensureinfo-guineaPig-pid-6364-F368567F04A943E1909BE9D46CA3E2EA/CrashContext.runtime-xml')
[2021.05.13-12.53.54:466][  0]CrashReportCoreLog: CompressAndSendData compressing 43448 bytes ('/home/riccio/repositories/guinea-pig/game/guineaPig/Saved/Crashes/ensureinfo-guineaPig-pid-6364-F368567F04A943E1909BE9D46CA3E2EA/guineaPig.log')
[2021.05.13-12.53.54:466][  0]CrashReportCoreLog: CompressAndSendData compressing 107 bytes ('/home/riccio/repositories/guinea-pig/game/guineaPig/Saved/Crashes/ensureinfo-guineaPig-pid-6364-F368567F04A943E1909BE9D46CA3E2EA/CrashReportClient.ini')
[2021.05.13-12.53.54:481][  0]LogInit: Using libcurl 7.65.3-DEV
[2021.05.13-12.53.54:481][  0]LogInit:  - built for x86_64-unknown-linux-gnu
[2021.05.13-12.53.54:481][  0]LogInit:  - supports SSL with OpenSSL/1.1.1c
[2021.05.13-12.53.54:481][  0]LogInit:  - supports HTTP deflate (compression) using libz 1.2.8
[2021.05.13-12.53.54:481][  0]LogInit:  - other features:
[2021.05.13-12.53.54:481][  0]LogInit:      CURL_VERSION_SSL
[2021.05.13-12.53.54:481][  0]LogInit:      CURL_VERSION_LIBZ
[2021.05.13-12.53.54:481][  0]LogInit:      CURL_VERSION_IPV6
[2021.05.13-12.53.54:481][  0]LogInit:      CURL_VERSION_ASYNCHDNS
[2021.05.13-12.53.54:481][  0]LogInit:      CURL_VERSION_LARGEFILE
[2021.05.13-12.53.54:481][  0]LogInit:      CURL_VERSION_TLSAUTH_SRP
[2021.05.13-12.53.54:481][  0]LogInit:  CurlRequestOptions (configurable via config and command line):
[2021.05.13-12.53.54:481][  0]LogInit:  - bVerifyPeer = false  - Libcurl will NOT verify peer certificate
[2021.05.13-12.53.54:481][  0]LogInit:  - bUseHttpProxy = false  - Libcurl will NOT use HTTP proxy
[2021.05.13-12.53.54:481][  0]LogInit:  - bDontReuseConnections = false  - Libcurl will reuse connections
[2021.05.13-12.53.54:481][  0]LogInit:  - MaxHostConnections = 16  - Libcurl will limit the number of connections to a host
[2021.05.13-12.53.54:481][  0]LogInit:  - LocalHostAddr = Default
[2021.05.13-12.53.54:481][  0]LogInit:  - BufferSize = 65536
[2021.05.13-12.53.54:482][  0]CrashReportCoreLog: Sending HTTP request: https://datarouter.ol.epicgames.com/datarouter/api/v1/public/data?AppID=CrashReporter&AppVersion=4.26.2-0%2B%2B%2BUE4%2BRelease-4.26&AppEnvironment=Release&UploadType=crashreports&UserID=ccc452a557a54b038cb79bdd628ba8ad-000003e8%7C%7Cccc452a557a54b038cb79bdd628ba8ad
[2021.05.13-12.53.54:532][  0]LogHttp: Warning: 0x7fc04e2e7bb0: invalid HTTP response code received. URL: https://datarouter.ol.epicgames.com/datarouter/api/v1/public/data?AppID=CrashReporter&AppVersion=4.26.2-0%2B%2B%2BUE4%2BRelease-4.26&AppEnvironment=Release&UploadType=crashreports&UserID=ccc452a557a54b038cb79bdd628ba8ad-000003e8%7C%7Cccc452a557a54b038cb79bdd628ba8ad, HTTP code: 0, content length: 0, actual payload size: 0
[2021.05.13-12.53.54:532][  0]LogHttp: Warning: 0x7fc04e2e7bb0: request failed, libcurl error: 6 (Couldn't resolve host name)
[2021.05.13-12.53.54:532][  0]LogHttp: Warning: 0x7fc04e2e7bb0: libcurl info message cache 0 (Could not resolve host: datarouter.ol.epicgames.com)
[2021.05.13-12.53.54:532][  0]CrashReportCoreLog: OnProcessRequestComplete(), State=SendingFiles bSucceeded=0
[2021.05.13-12.53.54:532][  0]CrashReportCoreLog: Warning: File upload failed to data router
[2021.05.13-12.53.54:532][  0]CrashReportCoreLog: State change from SendingFiles to Cancelled
[2021.05.13-12.53.55:501][  0]CrashReportCoreLog: Final state (Receiver) = Cancelled
[2021.05.13-12.53.55:501][  0]CrashReportCoreLog: Final state (Receiver) = Unknown UploadState value
[2021.05.13-12.53.55:501][  0]LogCore: Engine exit requested (reason: CrashReportClientApp RequestExit)
[2021.05.13-12.53.55:501][  0]LogExit: Preparing to exit.
[2021.05.13-12.53.55:502][  0]LogExit: Object subsystem successfully closed.
[2021.05.13-12.53.55:503][  0]LogModuleManager: Shutting down and abandoning module HTTP (12)
[2021.05.13-12.53.55:503][  0]LogHttp: Display: cleaning up 0 outstanding Http requests.
[2021.05.13-12.53.55:517][  0]LogModuleManager: Shutting down and abandoning module SSL (11)
[2021.05.13-12.53.55:518][  0]LogModuleManager: Shutting down and abandoning module CrashDebugHelper (8)
[2021.05.13-12.53.55:518][  0]LogModuleManager: Shutting down and abandoning module CoreUObject (6)
[2021.05.13-12.53.55:518][  0]LogModuleManager: Shutting down and abandoning module PakFile (4)
[2021.05.13-12.53.55:518][  0]LogModuleManager: Shutting down and abandoning module RSA (3)
[2021.05.13-12.53.55:518][  0]LogExit: Exiting.
[2021.05.13-12.53.55:693][  0]Log file closed, 05/13/21 14:53:55
